app/build/intermediates/manifest_merge_blame_file/release/manifest-merger-blame-release-report.txt
1<?xml version="1.0" encoding="utf-8"?>
2<manifest xmlns:android="http://schemas.android.com/apk/res/android"
3    package="com.qdocs.smartschool"
4    android:versionCode="1"
5    android:versionName="4.0" >
6
7    <uses-sdk
8        android:minSdkVersion="24"
9        android:targetSdkVersion="34" />
10
11    <uses-permission android:name="android.permission.WRITE_CALENDAR" />
11-->src\main\AndroidManifest.xml:6:5-73
11-->src\main\AndroidManifest.xml:6:22-70
12    <uses-permission android:name="android.permission.WRITE_EXTERNAL_STORAGE" />
12-->src\main\AndroidManifest.xml:7:5-81
12-->src\main\AndroidManifest.xml:7:22-78
13    <uses-permission
13-->src\main\AndroidManifest.xml:8:5-10:36
14        android:name="android.permission.CALL_PHONE"
14-->src\main\AndroidManifest.xml:9:9-53
15        android:required="false" />
15-->src\main\AndroidManifest.xml:10:9-33
16    <uses-permission android:name="android.permission.READ_EXTERNAL_STORAGE" />
16-->src\main\AndroidManifest.xml:11:5-80
16-->src\main\AndroidManifest.xml:11:22-77
17    <uses-permission android:name="android.permission.INTERNET" />
17-->src\main\AndroidManifest.xml:12:5-67
17-->src\main\AndroidManifest.xml:12:22-64
18    <uses-permission android:name="android.permission.ACCESS_NETWORK_STATE" />
18-->src\main\AndroidManifest.xml:13:5-79
18-->src\main\AndroidManifest.xml:13:22-76
19    <uses-permission android:name="android.permission.READ_CALENDAR" />
19-->src\main\AndroidManifest.xml:14:5-72
19-->src\main\AndroidManifest.xml:14:22-69
20    <uses-permission android:name="android.permission.READ_MEDIA_IMAGES" />
20-->src\main\AndroidManifest.xml:15:5-76
20-->src\main\AndroidManifest.xml:15:22-73
21    <uses-permission android:name="android.permission.READ_MEDIA_AUDIO" />
21-->src\main\AndroidManifest.xml:16:5-75
21-->src\main\AndroidManifest.xml:16:22-72
22    <uses-permission android:name="android.permission.READ_MEDIA_VIDEO" />
22-->src\main\AndroidManifest.xml:17:5-75
22-->src\main\AndroidManifest.xml:17:22-72
23    <uses-permission android:name="android.permission.READ_MEDIA_FILE" />
23-->src\main\AndroidManifest.xml:18:5-74
23-->src\main\AndroidManifest.xml:18:22-71
24    <uses-permission android:name="android.permission.POST_NOTIFICATIONS" />
24-->src\main\AndroidManifest.xml:19:5-76
24-->src\main\AndroidManifest.xml:19:22-74
25    <uses-permission
25-->src\main\AndroidManifest.xml:20:5-22:36
26        android:name="android.permission.CAMERA"
26-->src\main\AndroidManifest.xml:21:9-49
27        android:required="false" />
27-->src\main\AndroidManifest.xml:22:9-33
28    <uses-permission android:name="android.permission.READ_PHONE_STATE" />
28-->src\main\AndroidManifest.xml:23:5-75
28-->src\main\AndroidManifest.xml:23:22-72
29    <uses-permission android:name="android.permission.FOREGROUND_SERVICE" />
29-->src\main\AndroidManifest.xml:24:5-76
29-->src\main\AndroidManifest.xml:24:22-74
30
31    <uses-feature
31-->src\main\AndroidManifest.xml:25:5-27:36
32        android:name="android.hardware.telephony"
32-->src\main\AndroidManifest.xml:26:9-50
33        android:required="false" />
33-->src\main\AndroidManifest.xml:27:9-33
34    <uses-feature
34-->src\main\AndroidManifest.xml:28:5-30:36
35        android:name="android.hardware.camera.autofocus"
35-->src\main\AndroidManifest.xml:29:9-57
36        android:required="false" />
36-->src\main\AndroidManifest.xml:30:9-33
37    <uses-feature
37-->src\main\AndroidManifest.xml:31:5-33:34
38        android:name="android.hardware.camera"
38-->src\main\AndroidManifest.xml:32:9-47
39        android:required="true" />
39-->src\main\AndroidManifest.xml:33:9-32
40
41    <uses-permission android:name="android.permission.WAKE_LOCK" /> <!-- Required by older versions of Google Play services to create IID tokens -->
41-->[com.google.firebase:firebase-iid:20.0.0] AndroidManifest.xml:24:5-68
41-->[com.google.firebase:firebase-iid:20.0.0] AndroidManifest.xml:24:22-65
42    <uses-permission android:name="com.google.android.c2dm.permission.RECEIVE" />
42-->[com.google.firebase:firebase-iid:20.0.0] AndroidManifest.xml:26:5-82
42-->[com.google.firebase:firebase-iid:20.0.0] AndroidManifest.xml:26:22-79
43
44    <permission
44-->[androidx.core:core:1.9.0] AndroidManifest.xml:22:5-24:47
45        android:name="com.qdocs.smartschool.DYNAMIC_RECEIVER_NOT_EXPORTED_PERMISSION"
45-->[androidx.core:core:1.9.0] AndroidManifest.xml:23:9-81
46        android:protectionLevel="signature" />
46-->[androidx.core:core:1.9.0] AndroidManifest.xml:24:9-44
47
48    <uses-permission android:name="com.qdocs.smartschool.DYNAMIC_RECEIVER_NOT_EXPORTED_PERMISSION" />
48-->[androidx.core:core:1.9.0] AndroidManifest.xml:26:5-97
48-->[androidx.core:core:1.9.0] AndroidManifest.xml:26:22-94
49
50    <application
50-->src\main\AndroidManifest.xml:35:5-288:19
51        android:name="com.qdocs.smartschool.utils.MyApp"
51-->src\main\AndroidManifest.xml:36:9-36
52        android:allowBackup="false"
52-->src\main\AndroidManifest.xml:37:9-36
53        android:appComponentFactory="androidx.core.app.CoreComponentFactory"
53-->[androidx.core:core:1.9.0] AndroidManifest.xml:28:18-86
54        android:configChanges="orientation|screenSize"
54-->src\main\AndroidManifest.xml:38:9-55
55        android:exported="true"
55-->src\main\AndroidManifest.xml:39:9-32
56        android:extractNativeLibs="false"
57        android:hardwareAccelerated="true"
57-->src\main\AndroidManifest.xml:40:9-43
58        android:icon="@drawable/app_icon"
58-->src\main\AndroidManifest.xml:41:9-42
59        android:label="@string/app_name"
59-->src\main\AndroidManifest.xml:42:9-41
60        android:requestLegacyExternalStorage="true"
60-->src\main\AndroidManifest.xml:43:9-52
61        android:roundIcon="@drawable/app_icon"
61-->src\main\AndroidManifest.xml:44:9-47
62        android:supportsRtl="true"
62-->src\main\AndroidManifest.xml:45:9-35
63        android:theme="@style/AppTheme"
63-->src\main\AndroidManifest.xml:46:9-40
64        android:usesCleartextTraffic="true" >
64-->src\main\AndroidManifest.xml:47:9-44
65        <activity
65-->src\main\AndroidManifest.xml:49:9-51:40
66            android:name="com.qdocs.smartschool.students.CbseExaminationActivity"
66-->src\main\AndroidManifest.xml:50:13-61
67            android:exported="false" />
67-->src\main\AndroidManifest.xml:51:13-37
68        `
69        <activity
69-->src\main\AndroidManifest.xml:52:10-54:40
70            android:name="com.qdocs.smartschool.students.CbseTimeTableActivity"
70-->src\main\AndroidManifest.xml:53:13-59
71            android:exported="false" />
71-->src\main\AndroidManifest.xml:54:13-37
72        <activity
72-->src\main\AndroidManifest.xml:55:9-57:40
73            android:name="com.qdocs.smartschool.students.StudentOfflinePayment"
73-->src\main\AndroidManifest.xml:56:13-59
74            android:exported="false" />
74-->src\main\AndroidManifest.xml:57:13-37
75        <activity
75-->src\main\AndroidManifest.xml:58:9-60:39
76            android:name="com.qdocs.smartschool.students.BehaviourComment"
76-->src\main\AndroidManifest.xml:59:13-54
77            android:exported="true" />
77-->src\main\AndroidManifest.xml:60:13-36
78        <activity
78-->src\main\AndroidManifest.xml:61:9-63:39
79            android:name="com.qdocs.smartschool.students.StudentVideoTutorialPlay"
79-->src\main\AndroidManifest.xml:62:13-62
80            android:exported="true" />
80-->src\main\AndroidManifest.xml:63:13-36
81        <activity
81-->src\main\AndroidManifest.xml:64:9-66:39
82            android:name="com.qdocs.smartschool.students.StudentHomeworkNew"
82-->src\main\AndroidManifest.xml:65:13-56
83            android:exported="true" />
83-->src\main\AndroidManifest.xml:66:13-36
84        <activity
84-->src\main\AndroidManifest.xml:67:9-69:39
85            android:name="com.qdocs.smartschool.students.NewDashboard"
85-->src\main\AndroidManifest.xml:68:13-50
86            android:exported="true" />
86-->src\main\AndroidManifest.xml:69:13-36
87        <activity
87-->src\main\AndroidManifest.xml:70:9-72:39
88            android:name="com.qdocs.smartschool.students.StudentCoursePerformance"
88-->src\main\AndroidManifest.xml:71:13-62
89            android:exported="true" />
89-->src\main\AndroidManifest.xml:72:13-36
90        <activity
90-->src\main\AndroidManifest.xml:73:9-75:39
91            android:name="com.qdocs.smartschool.students.StudentUploadDocument"
91-->src\main\AndroidManifest.xml:74:13-59
92            android:exported="true" />
92-->src\main\AndroidManifest.xml:75:13-36
93        <activity
93-->src\main\AndroidManifest.xml:76:9-78:39
94            android:name="com.qdocs.smartschool.students.StudentDailyAssignment"
94-->src\main\AndroidManifest.xml:77:13-60
95            android:exported="true" />
95-->src\main\AndroidManifest.xml:78:13-36
96        <activity
96-->src\main\AndroidManifest.xml:79:9-81:39
97            android:name="com.qdocs.smartschool.students.StudentProcessingFees"
97-->src\main\AndroidManifest.xml:80:13-59
98            android:exported="true" />
98-->src\main\AndroidManifest.xml:81:13-36
99        <activity
99-->src\main\AndroidManifest.xml:82:9-85:39
100            android:name="com.qdocs.smartschool.students.StudentCourseDetail"
100-->src\main\AndroidManifest.xml:83:13-57
101            android:configChanges="orientation|keyboardHidden|screenSize|layoutDirection"
101-->src\main\AndroidManifest.xml:84:13-90
102            android:exported="true" />
102-->src\main\AndroidManifest.xml:85:13-36
103        <activity
103-->src\main\AndroidManifest.xml:86:9-88:39
104            android:name="com.qdocs.smartschool.students.StudentOnlineCourse"
104-->src\main\AndroidManifest.xml:87:13-57
105            android:exported="true" />
105-->src\main\AndroidManifest.xml:88:13-36
106        <activity
106-->src\main\AndroidManifest.xml:89:9-92:39
107            android:name="com.qdocs.smartschool.students.StudentStartLessonActivity"
107-->src\main\AndroidManifest.xml:90:13-64
108            android:configChanges="keyboardHidden|orientation|screenSize|layoutDirection|uiMode"
108-->src\main\AndroidManifest.xml:91:13-97
109            android:exported="true" />
109-->src\main\AndroidManifest.xml:92:13-36
110        <activity
110-->src\main\AndroidManifest.xml:93:9-95:39
111            android:name="com.qdocs.smartschool.students.StudentLiveClasses"
111-->src\main\AndroidManifest.xml:94:13-56
112            android:exported="true" />
112-->src\main\AndroidManifest.xml:95:13-36
113        <activity
113-->src\main\AndroidManifest.xml:96:9-98:39
114            android:name="com.qdocs.smartschool.students.StudentOfflinePaymentList"
114-->src\main\AndroidManifest.xml:97:13-63
115            android:exported="true" />
115-->src\main\AndroidManifest.xml:98:13-36
116        <activity
116-->src\main\AndroidManifest.xml:99:9-101:39
117            android:name="com.qdocs.smartschool.students.StudentGmeetLiveClasses"
117-->src\main\AndroidManifest.xml:100:13-61
118            android:exported="true" />
118-->src\main\AndroidManifest.xml:101:13-36
119        <activity
119-->src\main\AndroidManifest.xml:102:9-104:39
120            android:name="com.qdocs.smartschool.students.StudentBehaviourReport"
120-->src\main\AndroidManifest.xml:103:13-60
121            android:exported="true" />
121-->src\main\AndroidManifest.xml:104:13-36
122        <activity
122-->src\main\AndroidManifest.xml:105:9-107:39
123            android:name="com.qdocs.smartschool.students.NotificationList"
123-->src\main\AndroidManifest.xml:106:13-54
124            android:exported="true" />
124-->src\main\AndroidManifest.xml:107:13-36
125        <activity
125-->src\main\AndroidManifest.xml:108:9-111:39
126            android:name="com.qdocs.smartschool.students.StudentOnlineExamQuestionsNew"
126-->src\main\AndroidManifest.xml:109:13-67
127            android:configChanges="orientation|screenSize"
127-->src\main\AndroidManifest.xml:110:13-59
128            android:exported="true" />
128-->src\main\AndroidManifest.xml:111:13-36
129        <activity
129-->src\main\AndroidManifest.xml:112:9-114:39
130            android:name="com.qdocs.smartschool.students.StudentOnlineExamResult"
130-->src\main\AndroidManifest.xml:113:13-61
131            android:exported="true" />
131-->src\main\AndroidManifest.xml:114:13-36
132        <activity
132-->src\main\AndroidManifest.xml:115:9-117:39
133            android:name="com.qdocs.smartschool.students.StudentOnlineExam"
133-->src\main\AndroidManifest.xml:116:13-55
134            android:exported="true" />
134-->src\main\AndroidManifest.xml:117:13-36
135        <activity
135-->src\main\AndroidManifest.xml:118:9-120:39
136            android:name="com.qdocs.smartschool.AboutSchool"
136-->src\main\AndroidManifest.xml:119:13-40
137            android:exported="true" />
137-->src\main\AndroidManifest.xml:120:13-36
138        <activity
138-->src\main\AndroidManifest.xml:121:9-123:39
139            android:name="com.qdocs.smartschool.students.StudentTimeline"
139-->src\main\AndroidManifest.xml:122:13-53
140            android:exported="true" />
140-->src\main\AndroidManifest.xml:123:13-36
141        <activity
141-->src\main\AndroidManifest.xml:124:9-126:39
142            android:name="com.qdocs.smartschool.students.StudentAddTimeLine"
142-->src\main\AndroidManifest.xml:125:13-56
143            android:exported="true" />
143-->src\main\AndroidManifest.xml:126:13-36
144        <activity
144-->src\main\AndroidManifest.xml:127:9-129:39
145            android:name="com.qdocs.smartschool.students.StudentEditTimeLine"
145-->src\main\AndroidManifest.xml:128:13-57
146            android:exported="true" />
146-->src\main\AndroidManifest.xml:129:13-36
147        <activity
147-->src\main\AndroidManifest.xml:130:9-132:39
148            android:name="com.qdocs.smartschool.students.StudentDocuments"
148-->src\main\AndroidManifest.xml:131:13-54
149            android:exported="true" />
149-->src\main\AndroidManifest.xml:132:13-36
150        <activity
150-->src\main\AndroidManifest.xml:133:9-140:20
151            android:name="com.qdocs.smartschool.SplashActivity"
151-->src\main\AndroidManifest.xml:134:13-43
152            android:exported="true" >
152-->src\main\AndroidManifest.xml:135:13-36
153            <intent-filter>
153-->src\main\AndroidManifest.xml:136:13-139:29
154                <action android:name="android.intent.action.MAIN" />
154-->src\main\AndroidManifest.xml:137:17-69
154-->src\main\AndroidManifest.xml:137:25-66
155
156                <category android:name="android.intent.category.LAUNCHER" />
156-->src\main\AndroidManifest.xml:138:17-77
156-->src\main\AndroidManifest.xml:138:27-74
157            </intent-filter>
158        </activity>
159        <activity
159-->src\main\AndroidManifest.xml:141:9-143:39
160            android:name="com.qdocs.smartschool.Login"
160-->src\main\AndroidManifest.xml:142:13-34
161            android:exported="true" />
161-->src\main\AndroidManifest.xml:143:13-36
162        <activity
162-->src\main\AndroidManifest.xml:144:9-146:39
163            android:name="com.qdocs.smartschool.students.StudentProfileDetailsNew"
163-->src\main\AndroidManifest.xml:145:13-62
164            android:exported="true" />
164-->src\main\AndroidManifest.xml:146:13-36
165        <activity
165-->src\main\AndroidManifest.xml:147:9-149:39
166            android:name="com.qdocs.smartschool.students.StudentAddAssignment"
166-->src\main\AndroidManifest.xml:148:13-58
167            android:exported="true" />
167-->src\main\AndroidManifest.xml:149:13-36
168        <activity
168-->src\main\AndroidManifest.xml:150:9-152:39
169            android:name="com.qdocs.smartschool.students.StudentEditAssignment"
169-->src\main\AndroidManifest.xml:151:13-59
170            android:exported="true" />
170-->src\main\AndroidManifest.xml:152:13-36
171        <activity
171-->src\main\AndroidManifest.xml:153:9-155:39
172            android:name="com.qdocs.smartschool.students.StudentUploadHomework"
172-->src\main\AndroidManifest.xml:154:13-59
173            android:exported="true" />
173-->src\main\AndroidManifest.xml:155:13-36
174        <activity
174-->src\main\AndroidManifest.xml:156:9-158:39
175            android:name="com.qdocs.smartschool.ForgotPassword"
175-->src\main\AndroidManifest.xml:157:13-43
176            android:exported="true" />
176-->src\main\AndroidManifest.xml:158:13-36
177        <activity
177-->src\main\AndroidManifest.xml:159:9-161:39
178            android:name="com.qdocs.smartschool.BaseActivity"
178-->src\main\AndroidManifest.xml:160:13-41
179            android:exported="true" />
179-->src\main\AndroidManifest.xml:161:13-36
180        <activity
180-->src\main\AndroidManifest.xml:162:9-164:39
181            android:name="com.qdocs.smartschool.students.StudentFees"
181-->src\main\AndroidManifest.xml:163:13-49
182            android:exported="true" />
182-->src\main\AndroidManifest.xml:164:13-36
183        <activity
183-->src\main\AndroidManifest.xml:165:9-167:39
184            android:name="com.qdocs.smartschool.students.StudentNoticeBoard"
184-->src\main\AndroidManifest.xml:166:13-56
185            android:exported="true" />
185-->src\main\AndroidManifest.xml:167:13-36
186        <activity
186-->src\main\AndroidManifest.xml:168:9-170:39
187            android:name="com.qdocs.smartschool.students.StudentExaminationList"
187-->src\main\AndroidManifest.xml:169:13-60
188            android:exported="true" />
188-->src\main\AndroidManifest.xml:170:13-36
189        <activity
189-->src\main\AndroidManifest.xml:171:9-173:39
190            android:name="com.qdocs.smartschool.students.StudentReportCard_ExamListResult"
190-->src\main\AndroidManifest.xml:172:13-70
191            android:exported="true" />
191-->src\main\AndroidManifest.xml:173:13-36
192        <activity
192-->src\main\AndroidManifest.xml:174:9-176:39
193            android:name="com.qdocs.smartschool.students.StudentSubjectList"
193-->src\main\AndroidManifest.xml:175:13-56
194            android:exported="true" />
194-->src\main\AndroidManifest.xml:176:13-36
195        <activity
195-->src\main\AndroidManifest.xml:177:9-179:39
196            android:name="com.qdocs.smartschool.students.StudentTeachersList"
196-->src\main\AndroidManifest.xml:178:13-57
197            android:exported="true" />
197-->src\main\AndroidManifest.xml:179:13-36
198        <activity
198-->src\main\AndroidManifest.xml:180:9-182:39
199            android:name="com.qdocs.smartschool.students.StudentTransportRoutes"
199-->src\main\AndroidManifest.xml:181:13-60
200            android:exported="true" />
200-->src\main\AndroidManifest.xml:182:13-36
201        <activity
201-->src\main\AndroidManifest.xml:183:9-185:39
202            android:name="com.qdocs.smartschool.students.StudentDownloads"
202-->src\main\AndroidManifest.xml:184:13-54
203            android:exported="true" />
203-->src\main\AndroidManifest.xml:185:13-36
204        <activity
204-->src\main\AndroidManifest.xml:186:9-188:39
205            android:name="com.qdocs.smartschool.students.StudentAttendance"
205-->src\main\AndroidManifest.xml:187:13-55
206            android:exported="true" />
206-->src\main\AndroidManifest.xml:188:13-36
207        <activity
207-->src\main\AndroidManifest.xml:189:9-191:39
208            android:name="com.qdocs.smartschool.students.StudentReportCard_ExamList"
208-->src\main\AndroidManifest.xml:190:13-64
209            android:exported="true" />
209-->src\main\AndroidManifest.xml:191:13-36
210        <activity
210-->src\main\AndroidManifest.xml:192:9-194:39
211            android:name="com.qdocs.smartschool.students.StudentExamSchedule_ExamList"
211-->src\main\AndroidManifest.xml:193:13-66
212            android:exported="true" />
212-->src\main\AndroidManifest.xml:194:13-36
213        <activity
213-->src\main\AndroidManifest.xml:195:9-197:39
214            android:name="com.qdocs.smartschool.students.StudentExamSchedule"
214-->src\main\AndroidManifest.xml:196:13-57
215            android:exported="true" />
215-->src\main\AndroidManifest.xml:197:13-36
216        <activity
216-->src\main\AndroidManifest.xml:198:9-200:39
217            android:name="com.qdocs.smartschool.students.StudentVisitorBook"
217-->src\main\AndroidManifest.xml:199:13-56
218            android:exported="true" />
218-->src\main\AndroidManifest.xml:200:13-36
219        <activity
219-->src\main\AndroidManifest.xml:201:9-203:39
220            android:name="com.qdocs.smartschool.students.StudentHostel"
220-->src\main\AndroidManifest.xml:202:13-51
221            android:exported="true" />
221-->src\main\AndroidManifest.xml:203:13-36
222        <activity
222-->src\main\AndroidManifest.xml:204:9-206:39
223            android:name="com.qdocs.smartschool.students.StudentLibraryBook"
223-->src\main\AndroidManifest.xml:205:13-56
224            android:exported="true" />
224-->src\main\AndroidManifest.xml:206:13-36
225        <activity
225-->src\main\AndroidManifest.xml:207:9-209:39
226            android:name="com.qdocs.smartschool.students.StudentClassTimetable"
226-->src\main\AndroidManifest.xml:208:13-59
227            android:exported="true" />
227-->src\main\AndroidManifest.xml:209:13-36
228        <activity
228-->src\main\AndroidManifest.xml:210:9-212:39
229            android:name="com.qdocs.smartschool.students.StudentSyllabusTimetable"
229-->src\main\AndroidManifest.xml:211:13-62
230            android:exported="true" />
230-->src\main\AndroidManifest.xml:212:13-36
231        <activity
231-->src\main\AndroidManifest.xml:213:9-215:39
232            android:name="com.qdocs.smartschool.students.StudentSyllabusStatus"
232-->src\main\AndroidManifest.xml:214:13-59
233            android:exported="true" />
233-->src\main\AndroidManifest.xml:215:13-36
234        <activity
234-->src\main\AndroidManifest.xml:216:9-218:39
235            android:name="com.qdocs.smartschool.students.StudentLibraryBookIssued"
235-->src\main\AndroidManifest.xml:217:13-62
236            android:exported="true" />
236-->src\main\AndroidManifest.xml:218:13-36
237        <activity
237-->src\main\AndroidManifest.xml:219:9-221:39
238            android:name="com.qdocs.smartschool.students.StudentAppyLeave"
238-->src\main\AndroidManifest.xml:220:13-54
239            android:exported="true" />
239-->src\main\AndroidManifest.xml:221:13-36
240        <activity
240-->src\main\AndroidManifest.xml:222:9-224:39
241            android:name="com.qdocs.smartschool.students.StudentAddLeave"
241-->src\main\AndroidManifest.xml:223:13-53
242            android:exported="true" />
242-->src\main\AndroidManifest.xml:224:13-36
243        <activity
243-->src\main\AndroidManifest.xml:225:9-227:39
244            android:name="com.qdocs.smartschool.students.StudentEditLeave"
244-->src\main\AndroidManifest.xml:226:13-54
245            android:exported="true" />
245-->src\main\AndroidManifest.xml:227:13-36
246        <activity
246-->src\main\AndroidManifest.xml:228:9-230:39
247            android:name="com.qdocs.smartschool.students.StudentSyllabus"
247-->src\main\AndroidManifest.xml:229:13-53
248            android:exported="true" />
248-->src\main\AndroidManifest.xml:230:13-36
249        <activity
249-->src\main\AndroidManifest.xml:231:9-233:39
250            android:name="com.qdocs.smartschool.students.StudentOnlineQuizResult"
250-->src\main\AndroidManifest.xml:232:13-61
251            android:exported="true" />
251-->src\main\AndroidManifest.xml:233:13-36
252        <activity
252-->src\main\AndroidManifest.xml:234:9-236:39
253            android:name="com.qdocs.smartschool.students.StudentSyllabuslesson"
253-->src\main\AndroidManifest.xml:235:13-59
254            android:exported="true" />
254-->src\main\AndroidManifest.xml:236:13-36
255        <activity
255-->src\main\AndroidManifest.xml:237:9-239:39
256            android:name="com.qdocs.smartschool.students.StudentOnlineCourseQuiz"
256-->src\main\AndroidManifest.xml:238:13-61
257            android:exported="true" />
257-->src\main\AndroidManifest.xml:239:13-36
258        <activity
258-->src\main\AndroidManifest.xml:240:9-242:39
259            android:name="com.qdocs.smartschool.SettingActivity"
259-->src\main\AndroidManifest.xml:241:13-44
260            android:exported="true" />
260-->src\main\AndroidManifest.xml:242:13-36
261        <activity
261-->src\main\AndroidManifest.xml:243:9-246:40
262            android:name="com.qdocs.smartschool.TakeUrl"
262-->src\main\AndroidManifest.xml:244:13-36
263            android:configChanges="orientation|screenSize"
263-->src\main\AndroidManifest.xml:245:13-59
264            android:exported="false" />
264-->src\main\AndroidManifest.xml:246:13-37
265        <activity
265-->src\main\AndroidManifest.xml:247:9-249:39
266            android:name="com.qdocs.smartschool.OpenPdf"
266-->src\main\AndroidManifest.xml:248:13-36
267            android:exported="true" />
267-->src\main\AndroidManifest.xml:249:13-36
268        <activity
268-->src\main\AndroidManifest.xml:250:9-252:39
269            android:name="com.qdocs.smartschool.students.StudentTasks"
269-->src\main\AndroidManifest.xml:251:13-50
270            android:exported="true" />
270-->src\main\AndroidManifest.xml:252:13-36
271        <activity
271-->src\main\AndroidManifest.xml:253:9-255:39
272            android:name="com.qdocs.smartschool.students.StudentTasksEdit"
272-->src\main\AndroidManifest.xml:254:13-54
273            android:exported="true" />
273-->src\main\AndroidManifest.xml:255:13-36
274        <activity
274-->src\main\AndroidManifest.xml:256:9-258:39
275            android:name="com.qdocs.smartschool.students.Payment"
275-->src\main\AndroidManifest.xml:257:13-45
276            android:exported="true" />
276-->src\main\AndroidManifest.xml:258:13-36
277        <activity
277-->src\main\AndroidManifest.xml:259:9-261:39
278            android:name="com.qdocs.smartschool.students.CoursePayment"
278-->src\main\AndroidManifest.xml:260:13-51
279            android:exported="true" />
279-->src\main\AndroidManifest.xml:261:13-36
280        <activity
280-->src\main\AndroidManifest.xml:262:9-266:53
281            android:name="com.qdocs.smartschool.students.CourseVideoPlay"
281-->src\main\AndroidManifest.xml:263:13-53
282            android:configChanges="orientation|screenSize"
282-->src\main\AndroidManifest.xml:264:13-59
283            android:exported="false"
283-->src\main\AndroidManifest.xml:265:13-37
284            android:screenOrientation="landscape" />
284-->src\main\AndroidManifest.xml:266:13-50
285        <activity
285-->src\main\AndroidManifest.xml:267:9-269:40
286            android:name="com.qdocs.smartschool.students.LiveClasses"
286-->src\main\AndroidManifest.xml:268:13-49
287            android:exported="false" />
287-->src\main\AndroidManifest.xml:269:13-37
288
289        <service
289-->src\main\AndroidManifest.xml:271:9-277:19
290            android:name="com.qdocs.smartschool.utils.MyFirebaseMessagingService"
290-->src\main\AndroidManifest.xml:272:13-61
291            android:exported="true" >
291-->src\main\AndroidManifest.xml:273:13-36
292            <intent-filter>
292-->src\main\AndroidManifest.xml:274:13-276:29
293                <action android:name="com.google.firebase.MESSAGING_EVENT" />
293-->src\main\AndroidManifest.xml:275:17-78
293-->src\main\AndroidManifest.xml:275:25-75
294            </intent-filter>
295        </service>
296
297        <provider
298            android:name="androidx.core.content.FileProvider"
298-->src\main\AndroidManifest.xml:280:13-62
299            android:authorities="com.qdocs.smartschool.provider"
299-->src\main\AndroidManifest.xml:281:13-60
300            android:exported="false"
300-->src\main\AndroidManifest.xml:282:13-37
301            android:grantUriPermissions="true" >
301-->src\main\AndroidManifest.xml:283:13-47
302            <meta-data
302-->src\main\AndroidManifest.xml:284:13-286:58
303                android:name="android.support.FILE_PROVIDER_PATHS"
303-->src\main\AndroidManifest.xml:285:17-67
304                android:resource="@xml/provider_paths" />
304-->src\main\AndroidManifest.xml:286:17-55
305        </provider>
306        <!--
307             FirebaseMessagingService performs security checks at runtime,
308             but set to not exported to explicitly avoid allowing another app to call it.
309        -->
310        <service
310-->[com.google.firebase:firebase-messaging:20.0.0] AndroidManifest.xml:28:9-34:19
311            android:name="com.google.firebase.messaging.FirebaseMessagingService"
311-->[com.google.firebase:firebase-messaging:20.0.0] AndroidManifest.xml:29:13-82
312            android:exported="false" >
312-->[com.google.firebase:firebase-messaging:20.0.0] AndroidManifest.xml:30:13-37
313            <intent-filter android:priority="-500" >
313-->src\main\AndroidManifest.xml:274:13-276:29
314                <action android:name="com.google.firebase.MESSAGING_EVENT" />
314-->src\main\AndroidManifest.xml:275:17-78
314-->src\main\AndroidManifest.xml:275:25-75
315            </intent-filter>
316        </service>
317        <service
317-->[com.google.firebase:firebase-iid:20.0.0] AndroidManifest.xml:29:9-35:19
318            android:name="com.google.firebase.components.ComponentDiscoveryService"
318-->[com.google.firebase:firebase-iid:20.0.0] AndroidManifest.xml:30:13-84
319            android:exported="false" >
319-->[com.google.firebase:firebase-iid:20.0.0] AndroidManifest.xml:31:13-37
320            <meta-data
320-->[com.google.firebase:firebase-iid:20.0.0] AndroidManifest.xml:32:13-34:85
321                android:name="com.google.firebase.components:com.google.firebase.iid.Registrar"
321-->[com.google.firebase:firebase-iid:20.0.0] AndroidManifest.xml:33:17-96
322                android:value="com.google.firebase.components.ComponentRegistrar" />
322-->[com.google.firebase:firebase-iid:20.0.0] AndroidManifest.xml:34:17-82
323        </service>
324
325        <receiver
325-->[com.google.firebase:firebase-iid:20.0.0] AndroidManifest.xml:37:9-44:20